<?xml version="1.0" encoding="UTF-8"?>
<!-- Generated by org.testng.reporters.JUnitReportReporter -->
<testsuite hostname="ECO456VinodC" failures="0" tests="2" name="com.automationtalks.demoProject2.CaseTest1" time="7.117" errors="0" timestamp="2024-01-23T12:28:48 IST" skipped="0">
  <testcase classname="com.automationtalks.demoProject2.CaseTest1" name="Test2" time="3.382"/>
  <testcase classname="com.automationtalks.demoProject2.CaseTest1" name="Test1" time="3.735"/>
</testsuite> <!-- com.automationtalks.demoProject2.CaseTest1 -->
